# JRE version: OpenJDK Runtime Environment (8.0_76-b03) (build 1.8.0_76-release-b03)
# Java VM: OpenJDK 64-Bit Server VM (25.76-b03 mixed mode linux-amd64 compressed oops)
Heap:
 PSYoungGen      total 252416K, used 70970K [0x00000000eab00000, 0x0000000100000000, 0x0000000100000000)
  eden space 238080K, 23% used [0x00000000eab00000,0x00000000ee250058,0x00000000f9380000)
  from space 14336K, 99% used [0x00000000f9380000,0x00000000fa17e808,0x00000000fa180000)
  to   space 20992K, 0% used [0x00000000feb80000,0x00000000feb80000,0x0000000100000000)
 ParOldGen       total 71168K, used 25345K [0x00000000c0000000, 0x00000000c4580000, 0x00000000eab00000)
  object space 71168K, 35% used [0x00000000c0000000,0x00000000c18c07d8,0x00000000c4580000)
 Metaspace       used 52818K, capacity 54416K, committed 54656K, reserved 1095680K
  class space    used 7158K, capacity 7522K, committed 7552K, reserved 1048576K
GC Heap History (10 events):
Event: 6.787 GC heap before
{Heap before GC invocations=5 (full 1):
 PSYoungGen      total 136192K, used 5088K [0x00000000eab00000, 0x00000000f3500000, 0x0000000100000000)
  eden space 131072K, 0% used [0x00000000eab00000,0x00000000eab00000,0x00000000f2b00000)
  from space 5120K, 99% used [0x00000000f3000000,0x00000000f34f8010,0x00000000f3500000)
  to   space 5120K, 0% used [0x00000000f2b00000,0x00000000f2b00000,0x00000000f3000000)
 ParOldGen       total 86016K, used 8512K [0x00000000c0000000, 0x00000000c5400000, 0x00000000eab00000)
  object space 86016K, 9% used [0x00000000c0000000,0x00000000c08501b8,0x00000000c5400000)
 Metaspace       used 20873K, capacity 21148K, committed 21296K, reserved 1067008K
  class space    used 2789K, capacity 2894K, committed 2944K, reserved 1048576K
Event: 6.925 GC heap after
Heap after GC invocations=5 (full 1):
 PSYoungGen      total 136192K, used 0K [0x00000000eab00000, 0x00000000f3500000, 0x0000000100000000)
  eden space 131072K, 0% used [0x00000000eab00000,0x00000000eab00000,0x00000000f2b00000)
  from space 5120K, 0% used [0x00000000f3000000,0x00000000f3000000,0x00000000f3500000)
  to   space 5120K, 0% used [0x00000000f2b00000,0x00000000f2b00000,0x00000000f3000000)
 ParOldGen       total 53248K, used 8228K [0x00000000c0000000, 0x00000000c3400000, 0x00000000eab00000)
  object space 53248K, 15% used [0x00000000c0000000,0x00000000c0809248,0x00000000c3400000)
 Metaspace       used 20873K, capacity 21148K, committed 21296K, reserved 1067008K
  class space    used 2789K, capacity 2894K, committed 2944K, reserved 1048576K
}
Event: 13.021 GC heap before
{Heap before GC invocations=6 (full 1):
 PSYoungGen      total 136192K, used 131072K [0x00000000eab00000, 0x00000000f3500000, 0x0000000100000000)
  eden space 131072K, 100% used [0x00000000eab00000,0x00000000f2b00000,0x00000000f2b00000)
  from space 5120K, 0% used [0x00000000f3000000,0x00000000f3000000,0x00000000f3500000)
  to   space 5120K, 0% used [0x00000000f2b00000,0x00000000f2b00000,0x00000000f3000000)
 ParOldGen       total 53248K, used 8228K [0x00000000c0000000, 0x00000000c3400000, 0x00000000eab00000)
  object space 53248K, 15% used [0x00000000c0000000,0x00000000c0809248,0x00000000c3400000)
 Metaspace       used 31489K, capacity 32134K, committed 32384K, reserved 1077248K
  class space    used 4255K, capacity 4446K, committed 4480K, reserved 1048576K
Event: 13.080 GC heap after
Heap after GC invocations=6 (full 1):
 PSYoungGen      total 136192K, used 5106K [0x00000000eab00000, 0x00000000fb300000, 0x0000000100000000)
  eden space 131072K, 0% used [0x00000000eab00000,0x00000000eab00000,0x00000000f2b00000)
  from space 5120K, 99% used [0x00000000f2b00000,0x00000000f2ffca78,0x00000000f3000000)
  to   space 14848K, 0% used [0x00000000fa480000,0x00000000fa480000,0x00000000fb300000)
 ParOldGen       total 53248K, used 14561K [0x00000000c0000000, 0x00000000c3400000, 0x00000000eab00000)
  object space 53248K, 27% used [0x00000000c0000000,0x00000000c0e38538,0x00000000c3400000)
 Metaspace       used 31489K, capacity 32134K, committed 32384K, reserved 1077248K
  class space    used 4255K, capacity 4446K, committed 4480K, reserved 1048576K
}
Event: 14.610 GC heap before
{Heap before GC invocations=7 (full 1):
 PSYoungGen      total 136192K, used 59364K [0x00000000eab00000, 0x00000000fb300000, 0x0000000100000000)
  eden space 131072K, 41% used [0x00000000eab00000,0x00000000edffc668,0x00000000f2b00000)
  from space 5120K, 99% used [0x00000000f2b00000,0x00000000f2ffca78,0x00000000f3000000)
  to   space 14848K, 0% used [0x00000000fa480000,0x00000000fa480000,0x00000000fb300000)
 ParOldGen       total 53248K, used 14561K [0x00000000c0000000, 0x00000000c3400000, 0x00000000eab00000)
  object space 53248K, 27% used [0x00000000c0000000,0x00000000c0e38538,0x00000000c3400000)
 Metaspace       used 34710K, capacity 35264K, committed 35496K, reserved 1079296K
  class space    used 4664K, capacity 4847K, committed 4864K, reserved 1048576K
Event: 14.682 GC heap after
Heap after GC invocations=7 (full 1):
 PSYoungGen      total 249344K, used 8819K [0x00000000eab00000, 0x00000000faf80000, 0x0000000100000000)
  eden space 238080K, 0% used [0x00000000eab00000,0x00000000eab00000,0x00000000f9380000)
  from space 11264K, 78% used [0x00000000fa480000,0x00000000fad1cf78,0x00000000faf80000)
  to   space 14336K, 0% used [0x00000000f9380000,0x00000000f9380000,0x00000000fa180000)
 ParOldGen       total 53248K, used 14641K [0x00000000c0000000, 0x00000000c3400000, 0x00000000eab00000)
  object space 53248K, 27% used [0x00000000c0000000,0x00000000c0e4c548,0x00000000c3400000)
 Metaspace       used 34710K, capacity 35264K, committed 35496K, reserved 1079296K
  class space    used 4664K, capacity 4847K, committed 4864K, reserved 1048576K
}
Event: 14.682 GC heap before
{Heap before GC invocations=8 (full 2):
 PSYoungGen      total 249344K, used 8819K [0x00000000eab00000, 0x00000000faf80000, 0x0000000100000000)
  eden space 238080K, 0% used [0x00000000eab00000,0x00000000eab00000,0x00000000f9380000)
  from space 11264K, 78% used [0x00000000fa480000,0x00000000fad1cf78,0x00000000faf80000)
  to   space 14336K, 0% used [0x00000000f9380000,0x00000000f9380000,0x00000000fa180000)
 ParOldGen       total 53248K, used 14641K [0x00000000c0000000, 0x00000000c3400000, 0x00000000eab00000)
  object space 53248K, 27% used [0x00000000c0000000,0x00000000c0e4c548,0x00000000c3400000)
 Metaspace       used 34710K, capacity 35264K, committed 35496K, reserved 1079296K
  class space    used 4664K, capacity 4847K, committed 4864K, reserved 1048576K
Event: 14.869 GC heap after
Heap after GC invocations=8 (full 2):
 PSYoungGen      total 249344K, used 0K [0x00000000eab00000, 0x00000000faf80000, 0x0000000100000000)
  eden space 238080K, 0% used [0x00000000eab00000,0x00000000eab00000,0x00000000f9380000)
  from space 11264K, 0% used [0x00000000fa480000,0x00000000fa480000,0x00000000faf80000)
  to   space 14336K, 0% used [0x00000000f9380000,0x00000000f9380000,0x00000000fa180000)
 ParOldGen       total 71168K, used 16826K [0x00000000c0000000, 0x00000000c4580000, 0x00000000eab00000)
  object space 71168K, 23% used [0x00000000c0000000,0x00000000c106e888,0x00000000c4580000)
 Metaspace       used 34710K, capacity 35264K, committed 35496K, reserved 1079296K
  class space    used 4664K, capacity 4847K, committed 4864K, reserved 1048576K
}
Event: 24.104 GC heap before
{Heap before GC invocations=9 (full 2):
 PSYoungGen      total 249344K, used 238080K [0x00000000eab00000, 0x00000000faf80000, 0x0000000100000000)
  eden space 238080K, 100% used [0x00000000eab00000,0x00000000f9380000,0x00000000f9380000)
  from space 11264K, 0% used [0x00000000fa480000,0x00000000fa480000,0x00000000faf80000)
  to   space 14336K, 0% used [0x00000000f9380000,0x00000000f9380000,0x00000000fa180000)
 ParOldGen       total 71168K, used 16826K [0x00000000c0000000, 0x00000000c4580000, 0x00000000eab00000)
  object space 71168K, 23% used [0x00000000c0000000,0x00000000c106e888,0x00000000c4580000)
 Metaspace       used 50209K, capacity 51588K, committed 51712K, reserved 1093632K
  class space    used 6807K, capacity 7110K, committed 7168K, reserved 1048576K
Event: 24.236 GC heap after
Heap after GC invocations=9 (full 2):
 PSYoungGen      total 252416K, used 14330K [0x00000000eab00000, 0x0000000100000000, 0x0000000100000000)
  eden space 238080K, 0% used [0x00000000eab00000,0x00000000eab00000,0x00000000f9380000)
  from space 14336K, 99% used [0x00000000f9380000,0x00000000fa17e808,0x00000000fa180000)
  to   space 20992K, 0% used [0x00000000feb80000,0x00000000feb80000,0x0000000100000000)
 ParOldGen       total 71168K, used 25345K [0x00000000c0000000, 0x00000000c4580000, 0x00000000eab00000)
  object space 71168K, 35% used [0x00000000c0000000,0x00000000c18c07d8,0x00000000c4580000)
 Metaspace       used 50209K, capacity 51588K, committed 51712K, reserved 1093632K
  class space    used 6807K, capacity 7110K, committed 7168K, reserved 1048576K
}

