# JRE version: OpenJDK Runtime Environment (8.0_76-b03) (build 1.8.0_76-release-b03)
# Java VM: OpenJDK 64-Bit Server VM (25.76-b03 mixed mode linux-amd64 compressed oops)
Heap:
 PSYoungGen      total 312320K, used 11258K [0x00000000eab00000, 0x00000000ff400000, 0x0000000100000000)
  eden space 292864K, 3% used [0x00000000eab00000,0x00000000eb5fe858,0x00000000fc900000)
  from space 19456K, 0% used [0x00000000fdb80000,0x00000000fdb80000,0x00000000fee80000)
  to   space 18944K, 0% used [0x00000000fc900000,0x00000000fc900000,0x00000000fdb80000)
 ParOldGen       total 102400K, used 37997K [0x00000000c0000000, 0x00000000c6400000, 0x00000000eab00000)
  object space 102400K, 37% used [0x00000000c0000000,0x00000000c251b4c0,0x00000000c6400000)
 Metaspace       used 58068K, capacity 59748K, committed 59904K, reserved 1101824K
  class space    used 7829K, capacity 8182K, committed 8192K, reserved 1048576K
GC Heap History (10 events):
Event: 12.925 GC heap before
{Heap before GC invocations=9 (full 2):
 PSYoungGen      total 138752K, used 10208K [0x00000000eab00000, 0x00000000f8f00000, 0x0000000100000000)
  eden space 128512K, 0% used [0x00000000eab00000,0x00000000eab00000,0x00000000f2880000)
  from space 10240K, 99% used [0x00000000f2880000,0x00000000f3278238,0x00000000f3280000)
  to   space 12288K, 0% used [0x00000000f8300000,0x00000000f8300000,0x00000000f8f00000)
 ParOldGen       total 50688K, used 8301K [0x00000000c0000000, 0x00000000c3180000, 0x00000000eab00000)
  object space 50688K, 16% used [0x00000000c0000000,0x00000000c081b680,0x00000000c3180000)
 Metaspace       used 34716K, capacity 35264K, committed 35496K, reserved 1079296K
  class space    used 4656K, capacity 4847K, committed 4864K, reserved 1048576K
Event: 13.080 GC heap after
Heap after GC invocations=9 (full 2):
 PSYoungGen      total 138752K, used 0K [0x00000000eab00000, 0x00000000f8f00000, 0x0000000100000000)
  eden space 128512K, 0% used [0x00000000eab00000,0x00000000eab00000,0x00000000f2880000)
  from space 10240K, 0% used [0x00000000f2880000,0x00000000f2880000,0x00000000f3280000)
  to   space 12288K, 0% used [0x00000000f8300000,0x00000000f8300000,0x00000000f8f00000)
 ParOldGen       total 70144K, used 17961K [0x00000000c0000000, 0x00000000c4480000, 0x00000000eab00000)
  object space 70144K, 25% used [0x00000000c0000000,0x00000000c118a5e0,0x00000000c4480000)
 Metaspace       used 34716K, capacity 35264K, committed 35496K, reserved 1079296K
  class space    used 4656K, capacity 4847K, committed 4864K, reserved 1048576K
}
Event: 15.855 GC heap before
{Heap before GC invocations=10 (full 2):
 PSYoungGen      total 138752K, used 128512K [0x00000000eab00000, 0x00000000f8f00000, 0x0000000100000000)
  eden space 128512K, 100% used [0x00000000eab00000,0x00000000f2880000,0x00000000f2880000)
  from space 10240K, 0% used [0x00000000f2880000,0x00000000f2880000,0x00000000f3280000)
  to   space 12288K, 0% used [0x00000000f8300000,0x00000000f8300000,0x00000000f8f00000)
 ParOldGen       total 70144K, used 17961K [0x00000000c0000000, 0x00000000c4480000, 0x00000000eab00000)
  object space 70144K, 25% used [0x00000000c0000000,0x00000000c118a5e0,0x00000000c4480000)
 Metaspace       used 42288K, capacity 43160K, committed 43520K, reserved 1087488K
  class space    used 5659K, capacity 5856K, committed 5888K, reserved 1048576K
Event: 15.905 GC heap after
Heap after GC invocations=10 (full 2):
 PSYoungGen      total 220160K, used 11121K [0x00000000eab00000, 0x00000000f9d80000, 0x0000000100000000)
  eden space 207872K, 0% used [0x00000000eab00000,0x00000000eab00000,0x00000000f7600000)
  from space 12288K, 90% used [0x00000000f8300000,0x00000000f8ddc6c0,0x00000000f8f00000)
  to   space 13312K, 0% used [0x00000000f7600000,0x00000000f7600000,0x00000000f8300000)
 ParOldGen       total 70144K, used 17969K [0x00000000c0000000, 0x00000000c4480000, 0x00000000eab00000)
  object space 70144K, 25% used [0x00000000c0000000,0x00000000c118c5e0,0x00000000c4480000)
 Metaspace       used 42288K, capacity 43160K, committed 43520K, reserved 1087488K
  class space    used 5659K, capacity 5856K, committed 5888K, reserved 1048576K
}
Event: 23.387 GC heap before
{Heap before GC invocations=11 (full 2):
 PSYoungGen      total 220160K, used 218993K [0x00000000eab00000, 0x00000000f9d80000, 0x0000000100000000)
  eden space 207872K, 100% used [0x00000000eab00000,0x00000000f7600000,0x00000000f7600000)
  from space 12288K, 90% used [0x00000000f8300000,0x00000000f8ddc6c0,0x00000000f8f00000)
  to   space 13312K, 0% used [0x00000000f7600000,0x00000000f7600000,0x00000000f8300000)
 ParOldGen       total 70144K, used 17969K [0x00000000c0000000, 0x00000000c4480000, 0x00000000eab00000)
  object space 70144K, 25% used [0x00000000c0000000,0x00000000c118c5e0,0x00000000c4480000)
 Metaspace       used 54181K, capacity 55844K, committed 56064K, reserved 1097728K
  class space    used 7312K, capacity 7670K, committed 7680K, reserved 1048576K
Event: 23.474 GC heap after
Heap after GC invocations=11 (full 2):
 PSYoungGen      total 221184K, used 13299K [0x00000000eab00000, 0x00000000fee80000, 0x0000000100000000)
  eden space 207872K, 0% used [0x00000000eab00000,0x00000000eab00000,0x00000000f7600000)
  from space 13312K, 99% used [0x00000000f7600000,0x00000000f82fcca0,0x00000000f8300000)
  to   space 19456K, 0% used [0x00000000fdb80000,0x00000000fdb80000,0x00000000fee80000)
 ParOldGen       total 70144K, used 29006K [0x00000000c0000000, 0x00000000c4480000, 0x00000000eab00000)
  object space 70144K, 41% used [0x00000000c0000000,0x00000000c1c53a68,0x00000000c4480000)
 Metaspace       used 54181K, capacity 55844K, committed 56064K, reserved 1097728K
  class space    used 7312K, capacity 7670K, committed 7680K, reserved 1048576K
}
Event: 23.883 GC heap before
{Heap before GC invocations=12 (full 2):
 PSYoungGen      total 221184K, used 28548K [0x00000000eab00000, 0x00000000fee80000, 0x0000000100000000)
  eden space 207872K, 7% used [0x00000000eab00000,0x00000000eb9e4370,0x00000000f7600000)
  from space 13312K, 99% used [0x00000000f7600000,0x00000000f82fcca0,0x00000000f8300000)
  to   space 19456K, 0% used [0x00000000fdb80000,0x00000000fdb80000,0x00000000fee80000)
 ParOldGen       total 70144K, used 29006K [0x00000000c0000000, 0x00000000c4480000, 0x00000000eab00000)
  object space 70144K, 41% used [0x00000000c0000000,0x00000000c1c53a68,0x00000000c4480000)
 Metaspace       used 57445K, capacity 59050K, committed 59136K, reserved 1099776K
  class space    used 7771K, capacity 8119K, committed 8192K, reserved 1048576K
Event: 23.934 GC heap after
Heap after GC invocations=12 (full 2):
 PSYoungGen      total 312320K, used 10344K [0x00000000eab00000, 0x00000000ff400000, 0x0000000100000000)
  eden space 292864K, 0% used [0x00000000eab00000,0x00000000eab00000,0x00000000fc900000)
  from space 19456K, 53% used [0x00000000fdb80000,0x00000000fe59a2c0,0x00000000fee80000)
  to   space 18944K, 0% used [0x00000000fc900000,0x00000000fc900000,0x00000000fdb80000)
 ParOldGen       total 70144K, used 33385K [0x00000000c0000000, 0x00000000c4480000, 0x00000000eab00000)
  object space 70144K, 47% used [0x00000000c0000000,0x00000000c209a708,0x00000000c4480000)
 Metaspace       used 57445K, capacity 59050K, committed 59136K, reserved 1099776K
  class space    used 7771K, capacity 8119K, committed 8192K, reserved 1048576K
}
Event: 23.934 GC heap before
{Heap before GC invocations=13 (full 3):
 PSYoungGen      total 312320K, used 10344K [0x00000000eab00000, 0x00000000ff400000, 0x0000000100000000)
  eden space 292864K, 0% used [0x00000000eab00000,0x00000000eab00000,0x00000000fc900000)
  from space 19456K, 53% used [0x00000000fdb80000,0x00000000fe59a2c0,0x00000000fee80000)
  to   space 18944K, 0% used [0x00000000fc900000,0x00000000fc900000,0x00000000fdb80000)
 ParOldGen       total 70144K, used 33385K [0x00000000c0000000, 0x00000000c4480000, 0x00000000eab00000)
  object space 70144K, 47% used [0x00000000c0000000,0x00000000c209a708,0x00000000c4480000)
 Metaspace       used 57445K, capacity 59050K, committed 59136K, reserved 1099776K
  class space    used 7771K, capacity 8119K, committed 8192K, reserved 1048576K
Event: 24.222 GC heap after
Heap after GC invocations=13 (full 3):
 PSYoungGen      total 312320K, used 0K [0x00000000eab00000, 0x00000000ff400000, 0x0000000100000000)
  eden space 292864K, 0% used [0x00000000eab00000,0x00000000eab00000,0x00000000fc900000)
  from space 19456K, 0% used [0x00000000fdb80000,0x00000000fdb80000,0x00000000fee80000)
  to   space 18944K, 0% used [0x00000000fc900000,0x00000000fc900000,0x00000000fdb80000)
 ParOldGen       total 102400K, used 37997K [0x00000000c0000000, 0x00000000c6400000, 0x00000000eab00000)
  object space 102400K, 37% used [0x00000000c0000000,0x00000000c251b4c0,0x00000000c6400000)
 Metaspace       used 57443K, capacity 59044K, committed 59136K, reserved 1099776K
  class space    used 7771K, capacity 8118K, committed 8192K, reserved 1048576K
}

