# JRE version: OpenJDK Runtime Environment (8.0_76-b03) (build 1.8.0_76-release-b03)
# Java VM: OpenJDK 64-Bit Server VM (25.76-b03 mixed mode linux-amd64 compressed oops)
Heap:
 PSYoungGen      total 176640K, used 160578K [0x00000000eab00000, 0x00000000fa600000, 0x0000000100000000)
  eden space 163328K, 98% used [0x00000000eab00000,0x00000000f47d0ad0,0x00000000f4a80000)
  from space 13312K, 0% used [0x00000000f5780000,0x00000000f5780000,0x00000000f6480000)
  to   space 13312K, 0% used [0x00000000f4a80000,0x00000000f4a80000,0x00000000f5780000)
 ParOldGen       total 77312K, used 13523K [0x00000000c0000000, 0x00000000c4b80000, 0x00000000eab00000)
  object space 77312K, 17% used [0x00000000c0000000,0x00000000c0d34e98,0x00000000c4b80000)
 Metaspace       used 44343K, capacity 45294K, committed 45696K, reserved 1089536K
  class space    used 5922K, capacity 6170K, committed 6272K, reserved 1048576K
GC Heap History (10 events):
Event: 4.070 GC heap before
{Heap before GC invocations=4 (full 1):
 PSYoungGen      total 70656K, used 5104K [0x00000000eab00000, 0x00000000f3500000, 0x0000000100000000)
  eden space 65536K, 0% used [0x00000000eab00000,0x00000000eab00000,0x00000000eeb00000)
  from space 5120K, 99% used [0x00000000eeb00000,0x00000000eeffc020,0x00000000ef000000)
  to   space 5120K, 0% used [0x00000000f3000000,0x00000000f3000000,0x00000000f3500000)
 ParOldGen       total 86016K, used 8396K [0x00000000c0000000, 0x00000000c5400000, 0x00000000eab00000)
  object space 86016K, 9% used [0x00000000c0000000,0x00000000c0833020,0x00000000c5400000)
 Metaspace       used 20863K, capacity 21148K, committed 21296K, reserved 1067008K
  class space    used 2789K, capacity 2894K, committed 2944K, reserved 1048576K
Event: 4.150 GC heap after
Heap after GC invocations=4 (full 1):
 PSYoungGen      total 70656K, used 0K [0x00000000eab00000, 0x00000000f3500000, 0x0000000100000000)
  eden space 65536K, 0% used [0x00000000eab00000,0x00000000eab00000,0x00000000eeb00000)
  from space 5120K, 0% used [0x00000000eeb00000,0x00000000eeb00000,0x00000000ef000000)
  to   space 5120K, 0% used [0x00000000f3000000,0x00000000f3000000,0x00000000f3500000)
 ParOldGen       total 65536K, used 12300K [0x00000000c0000000, 0x00000000c4000000, 0x00000000eab00000)
  object space 65536K, 18% used [0x00000000c0000000,0x00000000c0c03220,0x00000000c4000000)
 Metaspace       used 20863K, capacity 21148K, committed 21296K, reserved 1067008K
  class space    used 2789K, capacity 2894K, committed 2944K, reserved 1048576K
}
Event: 5.926 GC heap before
{Heap before GC invocations=5 (full 1):
 PSYoungGen      total 70656K, used 65536K [0x00000000eab00000, 0x00000000f3500000, 0x0000000100000000)
  eden space 65536K, 100% used [0x00000000eab00000,0x00000000eeb00000,0x00000000eeb00000)
  from space 5120K, 0% used [0x00000000eeb00000,0x00000000eeb00000,0x00000000ef000000)
  to   space 5120K, 0% used [0x00000000f3000000,0x00000000f3000000,0x00000000f3500000)
 ParOldGen       total 65536K, used 12300K [0x00000000c0000000, 0x00000000c4000000, 0x00000000eab00000)
  object space 65536K, 18% used [0x00000000c0000000,0x00000000c0c03220,0x00000000c4000000)
 Metaspace       used 26362K, capacity 26826K, committed 27136K, reserved 1073152K
  class space    used 3678K, capacity 3798K, committed 3840K, reserved 1048576K
Event: 5.953 GC heap after
Heap after GC invocations=5 (full 1):
 PSYoungGen      total 109568K, used 5102K [0x00000000eab00000, 0x00000000f3500000, 0x0000000100000000)
  eden space 104448K, 0% used [0x00000000eab00000,0x00000000eab00000,0x00000000f1100000)
  from space 5120K, 99% used [0x00000000f3000000,0x00000000f34fb9f8,0x00000000f3500000)
  to   space 5120K, 0% used [0x00000000f2b00000,0x00000000f2b00000,0x00000000f3000000)
 ParOldGen       total 65536K, used 14307K [0x00000000c0000000, 0x00000000c4000000, 0x00000000eab00000)
  object space 65536K, 21% used [0x00000000c0000000,0x00000000c0df8ce8,0x00000000c4000000)
 Metaspace       used 26362K, capacity 26826K, committed 27136K, reserved 1073152K
  class space    used 3678K, capacity 3798K, committed 3840K, reserved 1048576K
}
Event: 10.372 GC heap before
{Heap before GC invocations=6 (full 1):
 PSYoungGen      total 109568K, used 109550K [0x00000000eab00000, 0x00000000f3500000, 0x0000000100000000)
  eden space 104448K, 100% used [0x00000000eab00000,0x00000000f1100000,0x00000000f1100000)
  from space 5120K, 99% used [0x00000000f3000000,0x00000000f34fb9f8,0x00000000f3500000)
  to   space 5120K, 0% used [0x00000000f2b00000,0x00000000f2b00000,0x00000000f3000000)
 ParOldGen       total 65536K, used 14307K [0x00000000c0000000, 0x00000000c4000000, 0x00000000eab00000)
  object space 65536K, 21% used [0x00000000c0000000,0x00000000c0df8ce8,0x00000000c4000000)
 Metaspace       used 34082K, capacity 34766K, committed 35328K, reserved 1079296K
  class space    used 4559K, capacity 4748K, committed 4864K, reserved 1048576K
Event: 10.436 GC heap after
Heap after GC invocations=6 (full 1):
 PSYoungGen      total 136192K, used 5108K [0x00000000eab00000, 0x00000000f6480000, 0x0000000100000000)
  eden space 131072K, 0% used [0x00000000eab00000,0x00000000eab00000,0x00000000f2b00000)
  from space 5120K, 99% used [0x00000000f2b00000,0x00000000f2ffd010,0x00000000f3000000)
  to   space 13312K, 0% used [0x00000000f5780000,0x00000000f5780000,0x00000000f6480000)
 ParOldGen       total 65536K, used 19669K [0x00000000c0000000, 0x00000000c4000000, 0x00000000eab00000)
  object space 65536K, 30% used [0x00000000c0000000,0x00000000c1335578,0x00000000c4000000)
 Metaspace       used 34082K, capacity 34766K, committed 35328K, reserved 1079296K
  class space    used 4559K, capacity 4748K, committed 4864K, reserved 1048576K
}
Event: 10.658 GC heap before
{Heap before GC invocations=7 (full 1):
 PSYoungGen      total 136192K, used 16241K [0x00000000eab00000, 0x00000000f6480000, 0x0000000100000000)
  eden space 131072K, 8% used [0x00000000eab00000,0x00000000eb5df5a8,0x00000000f2b00000)
  from space 5120K, 99% used [0x00000000f2b00000,0x00000000f2ffd010,0x00000000f3000000)
  to   space 13312K, 0% used [0x00000000f5780000,0x00000000f5780000,0x00000000f6480000)
 ParOldGen       total 65536K, used 19669K [0x00000000c0000000, 0x00000000c4000000, 0x00000000eab00000)
  object space 65536K, 30% used [0x00000000c0000000,0x00000000c1335578,0x00000000c4000000)
 Metaspace       used 34693K, capacity 35264K, committed 35496K, reserved 1079296K
  class space    used 4648K, capacity 4847K, committed 4864K, reserved 1048576K
Event: 10.703 GC heap after
Heap after GC invocations=7 (full 1):
 PSYoungGen      total 176640K, used 5793K [0x00000000eab00000, 0x00000000fa600000, 0x0000000100000000)
  eden space 163328K, 0% used [0x00000000eab00000,0x00000000eab00000,0x00000000f4a80000)
  from space 13312K, 43% used [0x00000000f5780000,0x00000000f5d286e8,0x00000000f6480000)
  to   space 13312K, 0% used [0x00000000f4a80000,0x00000000f4a80000,0x00000000f5780000)
 ParOldGen       total 65536K, used 19677K [0x00000000c0000000, 0x00000000c4000000, 0x00000000eab00000)
  object space 65536K, 30% used [0x00000000c0000000,0x00000000c1337578,0x00000000c4000000)
 Metaspace       used 34693K, capacity 35264K, committed 35496K, reserved 1079296K
  class space    used 4648K, capacity 4847K, committed 4864K, reserved 1048576K
}
Event: 10.703 GC heap before
{Heap before GC invocations=8 (full 2):
 PSYoungGen      total 176640K, used 5793K [0x00000000eab00000, 0x00000000fa600000, 0x0000000100000000)
  eden space 163328K, 0% used [0x00000000eab00000,0x00000000eab00000,0x00000000f4a80000)
  from space 13312K, 43% used [0x00000000f5780000,0x00000000f5d286e8,0x00000000f6480000)
  to   space 13312K, 0% used [0x00000000f4a80000,0x00000000f4a80000,0x00000000f5780000)
 ParOldGen       total 65536K, used 19677K [0x00000000c0000000, 0x00000000c4000000, 0x00000000eab00000)
  object space 65536K, 30% used [0x00000000c0000000,0x00000000c1337578,0x00000000c4000000)
 Metaspace       used 34693K, capacity 35264K, committed 35496K, reserved 1079296K
  class space    used 4648K, capacity 4847K, committed 4864K, reserved 1048576K
Event: 10.817 GC heap after
Heap after GC invocations=8 (full 2):
 PSYoungGen      total 176640K, used 0K [0x00000000eab00000, 0x00000000fa600000, 0x0000000100000000)
  eden space 163328K, 0% used [0x00000000eab00000,0x00000000eab00000,0x00000000f4a80000)
  from space 13312K, 0% used [0x00000000f5780000,0x00000000f5780000,0x00000000f6480000)
  to   space 13312K, 0% used [0x00000000f4a80000,0x00000000f4a80000,0x00000000f5780000)
 ParOldGen       total 77312K, used 13523K [0x00000000c0000000, 0x00000000c4b80000, 0x00000000eab00000)
  object space 77312K, 17% used [0x00000000c0000000,0x00000000c0d34e98,0x00000000c4b80000)
 Metaspace       used 34693K, capacity 35264K, committed 35496K, reserved 1079296K
  class space    used 4648K, capacity 4847K, committed 4864K, reserved 1048576K
}

